Start testing: Apr 15 14:53 UTC
----------------------------------------------------------
1/3 Testing: bubble_sort
1/3 Test: bubble_sort
Command: "/home/pcsdocker/Data/PCS.322543/esercitazione4/build/test_bubble_sort"
Directory: /home/pcsdocker/Data/PCS.322543/esercitazione4/build
"bubble_sort" start time: Apr 15 14:53 UTC
Output:
----------------------------------------------------------
<end of output>
Test time =   0.02 sec
----------------------------------------------------------
Test Passed.
"bubble_sort" end time: Apr 15 14:53 UTC
"bubble_sort" time elapsed: 00:00:00
----------------------------------------------------------

2/3 Testing: insertion_sort
2/3 Test: insertion_sort
Command: "/home/pcsdocker/Data/PCS.322543/esercitazione4/build/test_insertion_sort"
Directory: /home/pcsdocker/Data/PCS.322543/esercitazione4/build
"insertion_sort" start time: Apr 15 14:53 UTC
Output:
----------------------------------------------------------
<end of output>
Test time =   0.01 sec
----------------------------------------------------------
Test Passed.
"insertion_sort" end time: Apr 15 14:53 UTC
"insertion_sort" time elapsed: 00:00:00
----------------------------------------------------------

3/3 Testing: selection_sort
3/3 Test: selection_sort
Command: "/home/pcsdocker/Data/PCS.322543/esercitazione4/build/test_selection_sort"
Directory: /home/pcsdocker/Data/PCS.322543/esercitazione4/build
"selection_sort" start time: Apr 15 14:53 UTC
Output:
----------------------------------------------------------
<end of output>
Test time =   0.02 sec
----------------------------------------------------------
Test Passed.
"selection_sort" end time: Apr 15 14:53 UTC
"selection_sort" time elapsed: 00:00:00
----------------------------------------------------------

End testing: Apr 15 14:53 UTC
