Start testing: May 13 11:42 UTC
----------------------------------------------------------
1/1 Testing: unidirected_graph
1/1 Test: unidirected_graph
Command: "/home/pcsdocker/Data/PCS.322543/esercitazione8/build/test_unidirected_graph"
Directory: /home/pcsdocker/Data/PCS.322543/esercitazione8/build
"unidirected_graph" start time: May 13 11:42 UTC
Output:
----------------------------------------------------------
il grafico differenza è giusto 
<end of output>
Test time =   0.01 sec
----------------------------------------------------------
Test Passed.
"unidirected_graph" end time: May 13 11:42 UTC
"unidirected_graph" time elapsed: 00:00:00
----------------------------------------------------------

End testing: May 13 11:42 UTC
